<?xml version="1.0" encoding="UTF-8"?>
<!-- Generated by org.testng.reporters.JUnitReportReporter -->
<testsuite skipped="0" hostname="gopinath" name="runnersClass.TestCucumberRunner" tests="1" failures="0" timestamp="02 Apr 2020 16:24:42 GMT" time="86.605" errors="0">
  <testcase name="feature" time="86.605" classname="runnersClass.TestCucumberRunner"/>
</testsuite> <!-- runnersClass.TestCucumberRunner -->
